[07-Aug-2019 10:52:34 UTC] PHP Fatal error:  Uncaught RuntimeException: A facade root has not been set. in /home/developmentwdroc/public_html/app/vendor/laravel/framework/src/Illuminate/Support/Facades/Facade.php:234
Stack trace:
#0 /home/developmentwdroc/public_html/app/vendor/laravel/framework/src/Illuminate/Foundation/Exceptions/Handler.php(397): Illuminate\Support\Facades\Facade::__callStatic('replaceNamespac...', Array)
#1 /home/developmentwdroc/public_html/app/vendor/laravel/framework/src/Illuminate/Foundation/Exceptions/Handler.php(374): Illuminate\Foundation\Exceptions\Handler->registerErrorViewPaths()
#2 /home/developmentwdroc/public_html/app/vendor/laravel/framework/src/Illuminate/Foundation/Exceptions/Handler.php(289): Illuminate\Foundation\Exceptions\Handler->renderHttpException(Object(Symfony\Component\HttpKernel\Exception\HttpException))
#3 /home/developmentwdroc/public_html/app/vendor/laravel/framework/src/Illuminate/Foundation/Exceptions/Handler.php(188): Illuminate\Foundation\Exceptions\Handler->prepareResponse(Object(Illuminate\Http\Re in /home/developmentwdroc/public_html/app/vendor/laravel/framework/src/Illuminate/Support/Facades/Facade.php on line 234
[07-Aug-2019 10:52:36 UTC] PHP Fatal error:  Uncaught RuntimeException: A facade root has not been set. in /home/developmentwdroc/public_html/app/vendor/laravel/framework/src/Illuminate/Support/Facades/Facade.php:234
Stack trace:
#0 /home/developmentwdroc/public_html/app/vendor/laravel/framework/src/Illuminate/Foundation/Exceptions/Handler.php(397): Illuminate\Support\Facades\Facade::__callStatic('replaceNamespac...', Array)
#1 /home/developmentwdroc/public_html/app/vendor/laravel/framework/src/Illuminate/Foundation/Exceptions/Handler.php(374): Illuminate\Foundation\Exceptions\Handler->registerErrorViewPaths()
#2 /home/developmentwdroc/public_html/app/vendor/laravel/framework/src/Illuminate/Foundation/Exceptions/Handler.php(289): Illuminate\Foundation\Exceptions\Handler->renderHttpException(Object(Symfony\Component\HttpKernel\Exception\HttpException))
#3 /home/developmentwdroc/public_html/app/vendor/laravel/framework/src/Illuminate/Foundation/Exceptions/Handler.php(188): Illuminate\Foundation\Exceptions\Handler->prepareResponse(Object(Illuminate\Http\Re in /home/developmentwdroc/public_html/app/vendor/laravel/framework/src/Illuminate/Support/Facades/Facade.php on line 234
[07-Aug-2019 10:52:39 UTC] PHP Fatal error:  Uncaught RuntimeException: A facade root has not been set. in /home/developmentwdroc/public_html/app/vendor/laravel/framework/src/Illuminate/Support/Facades/Facade.php:234
Stack trace:
#0 /home/developmentwdroc/public_html/app/vendor/laravel/framework/src/Illuminate/Foundation/Exceptions/Handler.php(397): Illuminate\Support\Facades\Facade::__callStatic('replaceNamespac...', Array)
#1 /home/developmentwdroc/public_html/app/vendor/laravel/framework/src/Illuminate/Foundation/Exceptions/Handler.php(374): Illuminate\Foundation\Exceptions\Handler->registerErrorViewPaths()
#2 /home/developmentwdroc/public_html/app/vendor/laravel/framework/src/Illuminate/Foundation/Exceptions/Handler.php(289): Illuminate\Foundation\Exceptions\Handler->renderHttpException(Object(Symfony\Component\HttpKernel\Exception\HttpException))
#3 /home/developmentwdroc/public_html/app/vendor/laravel/framework/src/Illuminate/Foundation/Exceptions/Handler.php(188): Illuminate\Foundation\Exceptions\Handler->prepareResponse(Object(Illuminate\Http\Re in /home/developmentwdroc/public_html/app/vendor/laravel/framework/src/Illuminate/Support/Facades/Facade.php on line 234
[07-Aug-2019 10:52:46 UTC] PHP Fatal error:  Uncaught RuntimeException: A facade root has not been set. in /home/developmentwdroc/public_html/app/vendor/laravel/framework/src/Illuminate/Support/Facades/Facade.php:234
Stack trace:
#0 /home/developmentwdroc/public_html/app/vendor/laravel/framework/src/Illuminate/Foundation/Exceptions/Handler.php(397): Illuminate\Support\Facades\Facade::__callStatic('replaceNamespac...', Array)
#1 /home/developmentwdroc/public_html/app/vendor/laravel/framework/src/Illuminate/Foundation/Exceptions/Handler.php(374): Illuminate\Foundation\Exceptions\Handler->registerErrorViewPaths()
#2 /home/developmentwdroc/public_html/app/vendor/laravel/framework/src/Illuminate/Foundation/Exceptions/Handler.php(289): Illuminate\Foundation\Exceptions\Handler->renderHttpException(Object(Symfony\Component\HttpKernel\Exception\HttpException))
#3 /home/developmentwdroc/public_html/app/vendor/laravel/framework/src/Illuminate/Foundation/Exceptions/Handler.php(188): Illuminate\Foundation\Exceptions\Handler->prepareResponse(Object(Illuminate\Http\Re in /home/developmentwdroc/public_html/app/vendor/laravel/framework/src/Illuminate/Support/Facades/Facade.php on line 234
[07-Aug-2019 10:52:49 UTC] PHP Fatal error:  Uncaught RuntimeException: A facade root has not been set. in /home/developmentwdroc/public_html/app/vendor/laravel/framework/src/Illuminate/Support/Facades/Facade.php:234
Stack trace:
#0 /home/developmentwdroc/public_html/app/vendor/laravel/framework/src/Illuminate/Foundation/Exceptions/Handler.php(397): Illuminate\Support\Facades\Facade::__callStatic('replaceNamespac...', Array)
#1 /home/developmentwdroc/public_html/app/vendor/laravel/framework/src/Illuminate/Foundation/Exceptions/Handler.php(374): Illuminate\Foundation\Exceptions\Handler->registerErrorViewPaths()
#2 /home/developmentwdroc/public_html/app/vendor/laravel/framework/src/Illuminate/Foundation/Exceptions/Handler.php(289): Illuminate\Foundation\Exceptions\Handler->renderHttpException(Object(Symfony\Component\HttpKernel\Exception\HttpException))
#3 /home/developmentwdroc/public_html/app/vendor/laravel/framework/src/Illuminate/Foundation/Exceptions/Handler.php(188): Illuminate\Foundation\Exceptions\Handler->prepareResponse(Object(Illuminate\Http\Re in /home/developmentwdroc/public_html/app/vendor/laravel/framework/src/Illuminate/Support/Facades/Facade.php on line 234
[07-Aug-2019 10:52:51 UTC] PHP Fatal error:  Uncaught RuntimeException: A facade root has not been set. in /home/developmentwdroc/public_html/app/vendor/laravel/framework/src/Illuminate/Support/Facades/Facade.php:234
Stack trace:
#0 /home/developmentwdroc/public_html/app/vendor/laravel/framework/src/Illuminate/Foundation/Exceptions/Handler.php(397): Illuminate\Support\Facades\Facade::__callStatic('replaceNamespac...', Array)
#1 /home/developmentwdroc/public_html/app/vendor/laravel/framework/src/Illuminate/Foundation/Exceptions/Handler.php(374): Illuminate\Foundation\Exceptions\Handler->registerErrorViewPaths()
#2 /home/developmentwdroc/public_html/app/vendor/laravel/framework/src/Illuminate/Foundation/Exceptions/Handler.php(289): Illuminate\Foundation\Exceptions\Handler->renderHttpException(Object(Symfony\Component\HttpKernel\Exception\HttpException))
#3 /home/developmentwdroc/public_html/app/vendor/laravel/framework/src/Illuminate/Foundation/Exceptions/Handler.php(188): Illuminate\Foundation\Exceptions\Handler->prepareResponse(Object(Illuminate\Http\Re in /home/developmentwdroc/public_html/app/vendor/laravel/framework/src/Illuminate/Support/Facades/Facade.php on line 234
[07-Aug-2019 10:53:53 UTC] PHP Fatal error:  Uncaught RuntimeException: A facade root has not been set. in /home/developmentwdroc/public_html/app/vendor/laravel/framework/src/Illuminate/Support/Facades/Facade.php:234
Stack trace:
#0 /home/developmentwdroc/public_html/app/vendor/laravel/framework/src/Illuminate/Foundation/Exceptions/Handler.php(397): Illuminate\Support\Facades\Facade::__callStatic('replaceNamespac...', Array)
#1 /home/developmentwdroc/public_html/app/vendor/laravel/framework/src/Illuminate/Foundation/Exceptions/Handler.php(374): Illuminate\Foundation\Exceptions\Handler->registerErrorViewPaths()
#2 /home/developmentwdroc/public_html/app/vendor/laravel/framework/src/Illuminate/Foundation/Exceptions/Handler.php(289): Illuminate\Foundation\Exceptions\Handler->renderHttpException(Object(Symfony\Component\HttpKernel\Exception\HttpException))
#3 /home/developmentwdroc/public_html/app/vendor/laravel/framework/src/Illuminate/Foundation/Exceptions/Handler.php(188): Illuminate\Foundation\Exceptions\Handler->prepareResponse(Object(Illuminate\Http\Re in /home/developmentwdroc/public_html/app/vendor/laravel/framework/src/Illuminate/Support/Facades/Facade.php on line 234
[07-Aug-2019 10:53:59 UTC] PHP Fatal error:  Uncaught RuntimeException: A facade root has not been set. in /home/developmentwdroc/public_html/app/vendor/laravel/framework/src/Illuminate/Support/Facades/Facade.php:234
Stack trace:
#0 /home/developmentwdroc/public_html/app/vendor/laravel/framework/src/Illuminate/Foundation/Exceptions/Handler.php(397): Illuminate\Support\Facades\Facade::__callStatic('replaceNamespac...', Array)
#1 /home/developmentwdroc/public_html/app/vendor/laravel/framework/src/Illuminate/Foundation/Exceptions/Handler.php(374): Illuminate\Foundation\Exceptions\Handler->registerErrorViewPaths()
#2 /home/developmentwdroc/public_html/app/vendor/laravel/framework/src/Illuminate/Foundation/Exceptions/Handler.php(289): Illuminate\Foundation\Exceptions\Handler->renderHttpException(Object(Symfony\Component\HttpKernel\Exception\HttpException))
#3 /home/developmentwdroc/public_html/app/vendor/laravel/framework/src/Illuminate/Foundation/Exceptions/Handler.php(188): Illuminate\Foundation\Exceptions\Handler->prepareResponse(Object(Illuminate\Http\Re in /home/developmentwdroc/public_html/app/vendor/laravel/framework/src/Illuminate/Support/Facades/Facade.php on line 234
[07-Aug-2019 10:54:05 UTC] PHP Fatal error:  Uncaught RuntimeException: A facade root has not been set. in /home/developmentwdroc/public_html/app/vendor/laravel/framework/src/Illuminate/Support/Facades/Facade.php:234
Stack trace:
#0 /home/developmentwdroc/public_html/app/vendor/laravel/framework/src/Illuminate/Foundation/Exceptions/Handler.php(397): Illuminate\Support\Facades\Facade::__callStatic('replaceNamespac...', Array)
#1 /home/developmentwdroc/public_html/app/vendor/laravel/framework/src/Illuminate/Foundation/Exceptions/Handler.php(374): Illuminate\Foundation\Exceptions\Handler->registerErrorViewPaths()
#2 /home/developmentwdroc/public_html/app/vendor/laravel/framework/src/Illuminate/Foundation/Exceptions/Handler.php(289): Illuminate\Foundation\Exceptions\Handler->renderHttpException(Object(Symfony\Component\HttpKernel\Exception\HttpException))
#3 /home/developmentwdroc/public_html/app/vendor/laravel/framework/src/Illuminate/Foundation/Exceptions/Handler.php(188): Illuminate\Foundation\Exceptions\Handler->prepareResponse(Object(Illuminate\Http\Re in /home/developmentwdroc/public_html/app/vendor/laravel/framework/src/Illuminate/Support/Facades/Facade.php on line 234
[07-Aug-2019 10:54:12 UTC] PHP Fatal error:  Uncaught RuntimeException: A facade root has not been set. in /home/developmentwdroc/public_html/app/vendor/laravel/framework/src/Illuminate/Support/Facades/Facade.php:234
Stack trace:
#0 /home/developmentwdroc/public_html/app/vendor/laravel/framework/src/Illuminate/Foundation/Exceptions/Handler.php(397): Illuminate\Support\Facades\Facade::__callStatic('replaceNamespac...', Array)
#1 /home/developmentwdroc/public_html/app/vendor/laravel/framework/src/Illuminate/Foundation/Exceptions/Handler.php(374): Illuminate\Foundation\Exceptions\Handler->registerErrorViewPaths()
#2 /home/developmentwdroc/public_html/app/vendor/laravel/framework/src/Illuminate/Foundation/Exceptions/Handler.php(289): Illuminate\Foundation\Exceptions\Handler->renderHttpException(Object(Symfony\Component\HttpKernel\Exception\HttpException))
#3 /home/developmentwdroc/public_html/app/vendor/laravel/framework/src/Illuminate/Foundation/Exceptions/Handler.php(188): Illuminate\Foundation\Exceptions\Handler->prepareResponse(Object(Illuminate\Http\Re in /home/developmentwdroc/public_html/app/vendor/laravel/framework/src/Illuminate/Support/Facades/Facade.php on line 234
[07-Aug-2019 10:54:15 UTC] PHP Fatal error:  Uncaught RuntimeException: A facade root has not been set. in /home/developmentwdroc/public_html/app/vendor/laravel/framework/src/Illuminate/Support/Facades/Facade.php:234
Stack trace:
#0 /home/developmentwdroc/public_html/app/vendor/laravel/framework/src/Illuminate/Foundation/Exceptions/Handler.php(397): Illuminate\Support\Facades\Facade::__callStatic('replaceNamespac...', Array)
#1 /home/developmentwdroc/public_html/app/vendor/laravel/framework/src/Illuminate/Foundation/Exceptions/Handler.php(374): Illuminate\Foundation\Exceptions\Handler->registerErrorViewPaths()
#2 /home/developmentwdroc/public_html/app/vendor/laravel/framework/src/Illuminate/Foundation/Exceptions/Handler.php(289): Illuminate\Foundation\Exceptions\Handler->renderHttpException(Object(Symfony\Component\HttpKernel\Exception\HttpException))
#3 /home/developmentwdroc/public_html/app/vendor/laravel/framework/src/Illuminate/Foundation/Exceptions/Handler.php(188): Illuminate\Foundation\Exceptions\Handler->prepareResponse(Object(Illuminate\Http\Re in /home/developmentwdroc/public_html/app/vendor/laravel/framework/src/Illuminate/Support/Facades/Facade.php on line 234
[07-Aug-2019 10:54:16 UTC] PHP Fatal error:  Uncaught RuntimeException: A facade root has not been set. in /home/developmentwdroc/public_html/app/vendor/laravel/framework/src/Illuminate/Support/Facades/Facade.php:234
Stack trace:
#0 /home/developmentwdroc/public_html/app/vendor/laravel/framework/src/Illuminate/Foundation/Exceptions/Handler.php(397): Illuminate\Support\Facades\Facade::__callStatic('replaceNamespac...', Array)
#1 /home/developmentwdroc/public_html/app/vendor/laravel/framework/src/Illuminate/Foundation/Exceptions/Handler.php(374): Illuminate\Foundation\Exceptions\Handler->registerErrorViewPaths()
#2 /home/developmentwdroc/public_html/app/vendor/laravel/framework/src/Illuminate/Foundation/Exceptions/Handler.php(289): Illuminate\Foundation\Exceptions\Handler->renderHttpException(Object(Symfony\Component\HttpKernel\Exception\HttpException))
#3 /home/developmentwdroc/public_html/app/vendor/laravel/framework/src/Illuminate/Foundation/Exceptions/Handler.php(188): Illuminate\Foundation\Exceptions\Handler->prepareResponse(Object(Illuminate\Http\Re in /home/developmentwdroc/public_html/app/vendor/laravel/framework/src/Illuminate/Support/Facades/Facade.php on line 234
[07-Aug-2019 12:00:39 UTC] PHP Fatal error:  Cannot declare class App\Http\Controllers\fileController, because the name is already in use in /home/developmentwdroc/public_html/app/app/Http/Controllers/FileController.php on line 23
[07-Aug-2019 12:01:25 UTC] PHP Fatal error:  Cannot declare class App\Http\Controllers\fileController, because the name is already in use in /home/developmentwdroc/public_html/app/app/Http/Controllers/FileController.php on line 23
[07-Aug-2019 12:12:23 UTC] PHP Fatal error:  Cannot declare class App\Http\Controllers\fileController, because the name is already in use in /home/developmentwdroc/public_html/app/app/Http/Controllers/FileController.php on line 23
[07-Aug-2019 12:12:27 UTC] PHP Fatal error:  Cannot declare class App\Http\Controllers\fileController, because the name is already in use in /home/developmentwdroc/public_html/app/app/Http/Controllers/FileController.php on line 23
[07-Aug-2019 12:12:31 UTC] PHP Fatal error:  Cannot declare class App\Http\Controllers\fileController, because the name is already in use in /home/developmentwdroc/public_html/app/app/Http/Controllers/FileController.php on line 23
[07-Aug-2019 12:13:31 UTC] PHP Fatal error:  Cannot declare class App\Http\Controllers\FileController, because the name is already in use in /home/developmentwdroc/public_html/app/app/Http/Controllers/FileController.php on line 23
[07-Aug-2019 12:13:36 UTC] PHP Fatal error:  Cannot declare class App\Http\Controllers\FileController, because the name is already in use in /home/developmentwdroc/public_html/app/app/Http/Controllers/FileController.php on line 23
[07-Aug-2019 12:26:24 UTC] PHP Fatal error:  Cannot declare class App\Http\Controllers\FileController, because the name is already in use in /home/developmentwdroc/public_html/app/app/Http/Controllers/FileController.php on line 23
[07-Aug-2019 12:26:31 UTC] PHP Fatal error:  Cannot declare class App\Http\Controllers\FileController, because the name is already in use in /home/developmentwdroc/public_html/app/app/Http/Controllers/FileController.php on line 23
[07-Aug-2019 12:37:44 UTC] PHP Fatal error:  Cannot declare class App\Http\Controllers\FileController, because the name is already in use in /home/developmentwdroc/public_html/app/app/Http/Controllers/FileController.php on line 25
[07-Aug-2019 12:37:49 UTC] PHP Fatal error:  Cannot declare class App\Http\Controllers\FileController, because the name is already in use in /home/developmentwdroc/public_html/app/app/Http/Controllers/FileController.php on line 25
[07-Aug-2019 12:39:02 UTC] PHP Fatal error:  Cannot declare class App\Http\Controllers\FileController, because the name is already in use in /home/developmentwdroc/public_html/app/app/Http/Controllers/FileController.php on line 25
[07-Aug-2019 12:39:08 UTC] PHP Fatal error:  Cannot declare class App\Http\Controllers\FileController, because the name is already in use in /home/developmentwdroc/public_html/app/app/Http/Controllers/FileController.php on line 25
[07-Aug-2019 12:39:13 UTC] PHP Fatal error:  Cannot declare class App\Http\Controllers\FileController, because the name is already in use in /home/developmentwdroc/public_html/app/app/Http/Controllers/FileController.php on line 25
[07-Aug-2019 12:44:54 UTC] PHP Fatal error:  Cannot declare class App\Http\Controllers\FileController, because the name is already in use in /home/developmentwdroc/public_html/app/app/Http/Controllers/FileController.php on line 25
[07-Aug-2019 12:45:04 UTC] PHP Fatal error:  Cannot declare class App\Http\Controllers\FileController, because the name is already in use in /home/developmentwdroc/public_html/app/app/Http/Controllers/FileController.php on line 25
[07-Aug-2019 12:46:04 UTC] PHP Fatal error:  Cannot declare class App\Http\Controllers\FileController, because the name is already in use in /home/developmentwdroc/public_html/app/app/Http/Controllers/FileController.php on line 25
[07-Aug-2019 12:53:12 UTC] PHP Fatal error:  Cannot declare class App\Http\Controllers\FileController, because the name is already in use in /home/developmentwdroc/public_html/app/app/Http/Controllers/FileController.php on line 25
[07-Aug-2019 12:58:43 UTC] PHP Fatal error:  Cannot declare class App\Http\Controllers\FileController, because the name is already in use in /home/developmentwdroc/public_html/app/app/Http/Controllers/FileController.php on line 25
[07-Aug-2019 12:58:52 UTC] PHP Fatal error:  Cannot declare class App\Http\Controllers\FileController, because the name is already in use in /home/developmentwdroc/public_html/app/app/Http/Controllers/FileController.php on line 25
[07-Aug-2019 13:06:52 UTC] PHP Fatal error:  Cannot declare class App\Http\Controllers\FileController, because the name is already in use in /home/developmentwdroc/public_html/app/app/Http/Controllers/FileController.php on line 25
[07-Aug-2019 13:07:04 UTC] PHP Fatal error:  Cannot declare class App\Http\Controllers\FileController, because the name is already in use in /home/developmentwdroc/public_html/app/app/Http/Controllers/FileController.php on line 25
[07-Aug-2019 13:08:44 UTC] PHP Fatal error:  Cannot declare class App\Http\Controllers\FileController, because the name is already in use in /home/developmentwdroc/public_html/app/app/Http/Controllers/FileController.php on line 25
[07-Aug-2019 13:08:47 UTC] PHP Fatal error:  Cannot declare class App\Http\Controllers\FileController, because the name is already in use in /home/developmentwdroc/public_html/app/app/Http/Controllers/FileController.php on line 25
[07-Aug-2019 13:08:47 UTC] PHP Fatal error:  Cannot declare class App\Http\Controllers\FileController, because the name is already in use in /home/developmentwdroc/public_html/app/app/Http/Controllers/FileController.php on line 25
[07-Aug-2019 13:08:48 UTC] PHP Fatal error:  Cannot declare class App\Http\Controllers\FileController, because the name is already in use in /home/developmentwdroc/public_html/app/app/Http/Controllers/FileController.php on line 25
[07-Aug-2019 13:08:49 UTC] PHP Fatal error:  Cannot declare class App\Http\Controllers\FileController, because the name is already in use in /home/developmentwdroc/public_html/app/app/Http/Controllers/FileController.php on line 25
[07-Aug-2019 13:08:53 UTC] PHP Fatal error:  Cannot declare class App\Http\Controllers\FileController, because the name is already in use in /home/developmentwdroc/public_html/app/app/Http/Controllers/FileController.php on line 25
[07-Aug-2019 13:08:55 UTC] PHP Fatal error:  Cannot declare class App\Http\Controllers\FileController, because the name is already in use in /home/developmentwdroc/public_html/app/app/Http/Controllers/FileController.php on line 25
[07-Aug-2019 13:08:59 UTC] PHP Fatal error:  Cannot declare class App\Http\Controllers\FileController, because the name is already in use in /home/developmentwdroc/public_html/app/app/Http/Controllers/FileController.php on line 25
[07-Aug-2019 13:09:03 UTC] PHP Fatal error:  Cannot declare class App\Http\Controllers\FileController, because the name is already in use in /home/developmentwdroc/public_html/app/app/Http/Controllers/FileController.php on line 25
[07-Aug-2019 13:09:05 UTC] PHP Fatal error:  Cannot declare class App\Http\Controllers\FileController, because the name is already in use in /home/developmentwdroc/public_html/app/app/Http/Controllers/FileController.php on line 25
[07-Aug-2019 13:09:08 UTC] PHP Fatal error:  Cannot declare class App\Http\Controllers\FileController, because the name is already in use in /home/developmentwdroc/public_html/app/app/Http/Controllers/FileController.php on line 25
[07-Aug-2019 13:09:11 UTC] PHP Fatal error:  Cannot declare class App\Http\Controllers\FileController, because the name is already in use in /home/developmentwdroc/public_html/app/app/Http/Controllers/FileController.php on line 25
[07-Aug-2019 13:09:12 UTC] PHP Fatal error:  Cannot declare class App\Http\Controllers\FileController, because the name is already in use in /home/developmentwdroc/public_html/app/app/Http/Controllers/FileController.php on line 25
[07-Aug-2019 13:17:05 UTC] PHP Fatal error:  Cannot declare class App\Http\Controllers\FileController, because the name is already in use in /home/developmentwdroc/public_html/app/app/Http/Controllers/FileController.php on line 25
[07-Aug-2019 13:17:10 UTC] PHP Fatal error:  Cannot declare class App\Http\Controllers\FileController, because the name is already in use in /home/developmentwdroc/public_html/app/app/Http/Controllers/FileController.php on line 25
[07-Aug-2019 13:17:11 UTC] PHP Fatal error:  Cannot declare class App\Http\Controllers\FileController, because the name is already in use in /home/developmentwdroc/public_html/app/app/Http/Controllers/FileController.php on line 25
[07-Aug-2019 13:17:12 UTC] PHP Fatal error:  Cannot declare class App\Http\Controllers\FileController, because the name is already in use in /home/developmentwdroc/public_html/app/app/Http/Controllers/FileController.php on line 25
[07-Aug-2019 13:17:13 UTC] PHP Fatal error:  Cannot declare class App\Http\Controllers\FileController, because the name is already in use in /home/developmentwdroc/public_html/app/app/Http/Controllers/FileController.php on line 25
[07-Aug-2019 13:17:16 UTC] PHP Fatal error:  Cannot declare class App\Http\Controllers\FileController, because the name is already in use in /home/developmentwdroc/public_html/app/app/Http/Controllers/FileController.php on line 25
[07-Aug-2019 13:17:19 UTC] PHP Fatal error:  Cannot declare class App\Http\Controllers\FileController, because the name is already in use in /home/developmentwdroc/public_html/app/app/Http/Controllers/FileController.php on line 25
[07-Aug-2019 13:17:22 UTC] PHP Fatal error:  Cannot declare class App\Http\Controllers\FileController, because the name is already in use in /home/developmentwdroc/public_html/app/app/Http/Controllers/FileController.php on line 25
[07-Aug-2019 13:17:24 UTC] PHP Fatal error:  Cannot declare class App\Http\Controllers\FileController, because the name is already in use in /home/developmentwdroc/public_html/app/app/Http/Controllers/FileController.php on line 25
[07-Aug-2019 13:17:25 UTC] PHP Fatal error:  Cannot declare class App\Http\Controllers\FileController, because the name is already in use in /home/developmentwdroc/public_html/app/app/Http/Controllers/FileController.php on line 25
[07-Aug-2019 13:17:26 UTC] PHP Fatal error:  Cannot declare class App\Http\Controllers\FileController, because the name is already in use in /home/developmentwdroc/public_html/app/app/Http/Controllers/FileController.php on line 25
[07-Aug-2019 13:17:29 UTC] PHP Fatal error:  Cannot declare class App\Http\Controllers\FileController, because the name is already in use in /home/developmentwdroc/public_html/app/app/Http/Controllers/FileController.php on line 25
[07-Aug-2019 13:17:35 UTC] PHP Fatal error:  Cannot declare class App\Http\Controllers\FileController, because the name is already in use in /home/developmentwdroc/public_html/app/app/Http/Controllers/FileController.php on line 25
[07-Aug-2019 13:17:37 UTC] PHP Fatal error:  Cannot declare class App\Http\Controllers\FileController, because the name is already in use in /home/developmentwdroc/public_html/app/app/Http/Controllers/FileController.php on line 25
[07-Aug-2019 13:19:19 UTC] PHP Fatal error:  Cannot declare class App\Http\Controllers\FileController, because the name is already in use in /home/developmentwdroc/public_html/app/app/Http/Controllers/FileController.php on line 25
[07-Aug-2019 13:20:04 UTC] PHP Fatal error:  Cannot declare class App\Http\Controllers\FileController, because the name is already in use in /home/developmentwdroc/public_html/app/app/Http/Controllers/FileController.php on line 25
[07-Aug-2019 13:20:05 UTC] PHP Fatal error:  Cannot declare class App\Http\Controllers\FileController, because the name is already in use in /home/developmentwdroc/public_html/app/app/Http/Controllers/FileController.php on line 25
[07-Aug-2019 13:20:07 UTC] PHP Fatal error:  Cannot declare class App\Http\Controllers\FileController, because the name is already in use in /home/developmentwdroc/public_html/app/app/Http/Controllers/FileController.php on line 25
[07-Aug-2019 13:20:54 UTC] PHP Fatal error:  Cannot declare class App\Http\Controllers\FileController, because the name is already in use in /home/developmentwdroc/public_html/app/app/Http/Controllers/FileController.php on line 25
[07-Aug-2019 13:20:55 UTC] PHP Fatal error:  Cannot declare class App\Http\Controllers\FileController, because the name is already in use in /home/developmentwdroc/public_html/app/app/Http/Controllers/FileController.php on line 25
[07-Aug-2019 13:21:51 UTC] PHP Fatal error:  Cannot declare class App\Http\Controllers\FileController, because the name is already in use in /home/developmentwdroc/public_html/app/app/Http/Controllers/FileController.php on line 25
[07-Aug-2019 13:21:56 UTC] PHP Fatal error:  Cannot declare class App\Http\Controllers\FileController, because the name is already in use in /home/developmentwdroc/public_html/app/app/Http/Controllers/FileController.php on line 25
[07-Aug-2019 13:21:58 UTC] PHP Fatal error:  Cannot declare class App\Http\Controllers\FileController, because the name is already in use in /home/developmentwdroc/public_html/app/app/Http/Controllers/FileController.php on line 25
[07-Aug-2019 13:22:03 UTC] PHP Fatal error:  Cannot declare class App\Http\Controllers\FileController, because the name is already in use in /home/developmentwdroc/public_html/app/app/Http/Controllers/FileController.php on line 25
[07-Aug-2019 13:22:12 UTC] PHP Fatal error:  Cannot declare class App\Http\Controllers\FileController, because the name is already in use in /home/developmentwdroc/public_html/app/app/Http/Controllers/FileController.php on line 25
[08-Aug-2019 03:48:02 UTC] PHP Fatal error:  Cannot declare class App\Http\Controllers\FileController, because the name is already in use in /home/developmentwdroc/public_html/app/app/Http/Controllers/FileController.php on line 25
[08-Aug-2019 03:58:06 UTC] PHP Fatal error:  Cannot declare class App\Http\Controllers\FileController, because the name is already in use in /home/developmentwdroc/public_html/app/app/Http/Controllers/FileController.php on line 25
[08-Aug-2019 04:11:56 UTC] PHP Fatal error:  Cannot declare class App\Http\Controllers\FileController, because the name is already in use in /home/developmentwdroc/public_html/app/app/Http/Controllers/FileController.php on line 25
[08-Aug-2019 04:13:57 UTC] PHP Fatal error:  Cannot declare class App\Http\Controllers\FileController, because the name is already in use in /home/developmentwdroc/public_html/app/app/Http/Controllers/FileController.php on line 25
[22-Aug-2019 09:32:24 UTC] PHP Fatal error:  Cannot declare class App\Http\Controllers\JccController, because the name is already in use in /home/developmentwdroc/public_html/app/app/Http/Controllers/JccController.php on line 18
[22-Aug-2019 09:34:45 UTC] PHP Fatal error:  Cannot declare class App\Http\Controllers\JccController, because the name is already in use in /home/developmentwdroc/public_html/app/app/Http/Controllers/JccController.php on line 18
[22-Aug-2019 09:35:40 UTC] PHP Fatal error:  Cannot declare class App\Http\Controllers\JccController, because the name is already in use in /home/developmentwdroc/public_html/app/app/Http/Controllers/JccController.php on line 18
[22-Aug-2019 09:35:45 UTC] PHP Fatal error:  Cannot declare class App\Http\Controllers\JccController, because the name is already in use in /home/developmentwdroc/public_html/app/app/Http/Controllers/JccController.php on line 18
[22-Aug-2019 09:35:46 UTC] PHP Fatal error:  Cannot declare class App\Http\Controllers\JccController, because the name is already in use in /home/developmentwdroc/public_html/app/app/Http/Controllers/JccController.php on line 18
[22-Aug-2019 09:49:43 UTC] PHP Fatal error:  Cannot declare class App\Http\Controllers\JccController, because the name is already in use in /home/developmentwdroc/public_html/app/app/Http/Controllers/JccController.php on line 18
[22-Aug-2019 10:27:23 UTC] PHP Warning:  Uncaught ErrorException: require(vendor/autoload.php): failed to open stream: No such file or directory in /home/developmentwdroc/public_html/app/storage/framework/views/dc3406bb85cd88d7cdaa617971d393dc02c1be95.php:21
Stack trace:
#0 /home/developmentwdroc/public_html/app/storage/framework/views/dc3406bb85cd88d7cdaa617971d393dc02c1be95.php(21): Illuminate\Foundation\Bootstrap\HandleExceptions->handleError(2, 'require(vendor/...', '/home/developme...', 21, Array)
#1 /home/developmentwdroc/public_html/app/storage/framework/views/dc3406bb85cd88d7cdaa617971d393dc02c1be95.php(21): require()
#2 /home/developmentwdroc/public_html/app/vendor/laravel/framework/src/Illuminate/View/Engines/PhpEngine.php(43): include('/home/developme...')
#3 /home/developmentwdroc/public_html/app/vendor/laravel/framework/src/Illuminate/View/Engines/CompilerEngine.php(59): Illuminate\View\Engines\PhpEngine->evaluatePath('/home/developme...', Array)
#4 /home/developmentwdroc/public_html/app/vendor/laravel/framework/src/Illuminate/View/View in /home/developmentwdroc/public_html/app/storage/framework/views/dc3406bb85cd88d7cdaa617971d393dc02c1be95.php on line 21
[22-Aug-2019 10:27:23 UTC] PHP Fatal error:  Illuminate\View\Engines\PhpEngine::main(): Failed opening required 'vendor/autoload.php' (include_path='.:/opt/cpanel/ea-php71/root/usr/share/pear') in /home/developmentwdroc/public_html/app/storage/framework/views/dc3406bb85cd88d7cdaa617971d393dc02c1be95.php on line 21
[22-Aug-2019 10:32:18 UTC] PHP Warning:  Uncaught ErrorException: require(vendor/autoload.php): failed to open stream: No such file or directory in /home/developmentwdroc/public_html/app/storage/framework/views/dc3406bb85cd88d7cdaa617971d393dc02c1be95.php:21
Stack trace:
#0 /home/developmentwdroc/public_html/app/storage/framework/views/dc3406bb85cd88d7cdaa617971d393dc02c1be95.php(21): Illuminate\Foundation\Bootstrap\HandleExceptions->handleError(2, 'require(vendor/...', '/home/developme...', 21, Array)
#1 /home/developmentwdroc/public_html/app/storage/framework/views/dc3406bb85cd88d7cdaa617971d393dc02c1be95.php(21): require()
#2 /home/developmentwdroc/public_html/app/vendor/laravel/framework/src/Illuminate/View/Engines/PhpEngine.php(43): include('/home/developme...')
#3 /home/developmentwdroc/public_html/app/vendor/laravel/framework/src/Illuminate/View/Engines/CompilerEngine.php(59): Illuminate\View\Engines\PhpEngine->evaluatePath('/home/developme...', Array)
#4 /home/developmentwdroc/public_html/app/vendor/laravel/framework/src/Illuminate/View/View in /home/developmentwdroc/public_html/app/storage/framework/views/dc3406bb85cd88d7cdaa617971d393dc02c1be95.php on line 21
[22-Aug-2019 10:32:18 UTC] PHP Fatal error:  Illuminate\View\Engines\PhpEngine::main(): Failed opening required 'vendor/autoload.php' (include_path='.:/opt/cpanel/ea-php71/root/usr/share/pear') in /home/developmentwdroc/public_html/app/storage/framework/views/dc3406bb85cd88d7cdaa617971d393dc02c1be95.php on line 21
[22-Aug-2019 10:43:13 UTC] PHP Warning:  Uncaught ErrorException: require(vendor/autoload.php): failed to open stream: No such file or directory in /home/developmentwdroc/public_html/app/storage/framework/views/dc3406bb85cd88d7cdaa617971d393dc02c1be95.php:3
Stack trace:
#0 /home/developmentwdroc/public_html/app/storage/framework/views/dc3406bb85cd88d7cdaa617971d393dc02c1be95.php(3): Illuminate\Foundation\Bootstrap\HandleExceptions->handleError(2, 'require(vendor/...', '/home/developme...', 3, Array)
#1 /home/developmentwdroc/public_html/app/storage/framework/views/dc3406bb85cd88d7cdaa617971d393dc02c1be95.php(3): require()
#2 /home/developmentwdroc/public_html/app/vendor/laravel/framework/src/Illuminate/View/Engines/PhpEngine.php(43): include('/home/developme...')
#3 /home/developmentwdroc/public_html/app/vendor/laravel/framework/src/Illuminate/View/Engines/CompilerEngine.php(59): Illuminate\View\Engines\PhpEngine->evaluatePath('/home/developme...', Array)
#4 /home/developmentwdroc/public_html/app/vendor/laravel/framework/src/Illuminate/View/View.php in /home/developmentwdroc/public_html/app/storage/framework/views/dc3406bb85cd88d7cdaa617971d393dc02c1be95.php on line 3
[22-Aug-2019 10:43:13 UTC] PHP Fatal error:  Illuminate\View\Engines\PhpEngine::main(): Failed opening required 'vendor/autoload.php' (include_path='.:/opt/cpanel/ea-php71/root/usr/share/pear') in /home/developmentwdroc/public_html/app/storage/framework/views/dc3406bb85cd88d7cdaa617971d393dc02c1be95.php on line 3
[22-Aug-2019 10:43:58 UTC] PHP Warning:  Uncaught ErrorException: require(vendor/autoload.php): failed to open stream: No such file or directory in /home/developmentwdroc/public_html/app/storage/framework/views/dc3406bb85cd88d7cdaa617971d393dc02c1be95.php:3
Stack trace:
#0 /home/developmentwdroc/public_html/app/storage/framework/views/dc3406bb85cd88d7cdaa617971d393dc02c1be95.php(3): Illuminate\Foundation\Bootstrap\HandleExceptions->handleError(2, 'require(vendor/...', '/home/developme...', 3, Array)
#1 /home/developmentwdroc/public_html/app/storage/framework/views/dc3406bb85cd88d7cdaa617971d393dc02c1be95.php(3): require()
#2 /home/developmentwdroc/public_html/app/vendor/laravel/framework/src/Illuminate/View/Engines/PhpEngine.php(43): include('/home/developme...')
#3 /home/developmentwdroc/public_html/app/vendor/laravel/framework/src/Illuminate/View/Engines/CompilerEngine.php(59): Illuminate\View\Engines\PhpEngine->evaluatePath('/home/developme...', Array)
#4 /home/developmentwdroc/public_html/app/vendor/laravel/framework/src/Illuminate/View/View.php in /home/developmentwdroc/public_html/app/storage/framework/views/dc3406bb85cd88d7cdaa617971d393dc02c1be95.php on line 3
[22-Aug-2019 10:43:58 UTC] PHP Fatal error:  Illuminate\View\Engines\PhpEngine::main(): Failed opening required 'vendor/autoload.php' (include_path='.:/opt/cpanel/ea-php71/root/usr/share/pear') in /home/developmentwdroc/public_html/app/storage/framework/views/dc3406bb85cd88d7cdaa617971d393dc02c1be95.php on line 3
[22-Aug-2019 10:44:05 UTC] PHP Warning:  Uncaught ErrorException: require(vendor/autoload.php): failed to open stream: No such file or directory in /home/developmentwdroc/public_html/app/storage/framework/views/dc3406bb85cd88d7cdaa617971d393dc02c1be95.php:3
Stack trace:
#0 /home/developmentwdroc/public_html/app/storage/framework/views/dc3406bb85cd88d7cdaa617971d393dc02c1be95.php(3): Illuminate\Foundation\Bootstrap\HandleExceptions->handleError(2, 'require(vendor/...', '/home/developme...', 3, Array)
#1 /home/developmentwdroc/public_html/app/storage/framework/views/dc3406bb85cd88d7cdaa617971d393dc02c1be95.php(3): require()
#2 /home/developmentwdroc/public_html/app/vendor/laravel/framework/src/Illuminate/View/Engines/PhpEngine.php(43): include('/home/developme...')
#3 /home/developmentwdroc/public_html/app/vendor/laravel/framework/src/Illuminate/View/Engines/CompilerEngine.php(59): Illuminate\View\Engines\PhpEngine->evaluatePath('/home/developme...', Array)
#4 /home/developmentwdroc/public_html/app/vendor/laravel/framework/src/Illuminate/View/View.php in /home/developmentwdroc/public_html/app/storage/framework/views/dc3406bb85cd88d7cdaa617971d393dc02c1be95.php on line 3
[22-Aug-2019 10:44:05 UTC] PHP Fatal error:  Illuminate\View\Engines\PhpEngine::main(): Failed opening required 'vendor/autoload.php' (include_path='.:/opt/cpanel/ea-php71/root/usr/share/pear') in /home/developmentwdroc/public_html/app/storage/framework/views/dc3406bb85cd88d7cdaa617971d393dc02c1be95.php on line 3
[22-Aug-2019 10:45:20 UTC] PHP Warning:  Uncaught ErrorException: require(vendor/autoload.php): failed to open stream: No such file or directory in /home/developmentwdroc/public_html/app/storage/framework/views/dc3406bb85cd88d7cdaa617971d393dc02c1be95.php:3
Stack trace:
#0 /home/developmentwdroc/public_html/app/storage/framework/views/dc3406bb85cd88d7cdaa617971d393dc02c1be95.php(3): Illuminate\Foundation\Bootstrap\HandleExceptions->handleError(2, 'require(vendor/...', '/home/developme...', 3, Array)
#1 /home/developmentwdroc/public_html/app/storage/framework/views/dc3406bb85cd88d7cdaa617971d393dc02c1be95.php(3): require()
#2 /home/developmentwdroc/public_html/app/vendor/laravel/framework/src/Illuminate/View/Engines/PhpEngine.php(43): include('/home/developme...')
#3 /home/developmentwdroc/public_html/app/vendor/laravel/framework/src/Illuminate/View/Engines/CompilerEngine.php(59): Illuminate\View\Engines\PhpEngine->evaluatePath('/home/developme...', Array)
#4 /home/developmentwdroc/public_html/app/vendor/laravel/framework/src/Illuminate/View/View.php in /home/developmentwdroc/public_html/app/storage/framework/views/dc3406bb85cd88d7cdaa617971d393dc02c1be95.php on line 3
[22-Aug-2019 10:45:20 UTC] PHP Fatal error:  Illuminate\View\Engines\PhpEngine::main(): Failed opening required 'vendor/autoload.php' (include_path='.:/opt/cpanel/ea-php71/root/usr/share/pear') in /home/developmentwdroc/public_html/app/storage/framework/views/dc3406bb85cd88d7cdaa617971d393dc02c1be95.php on line 3
[22-Aug-2019 10:45:24 UTC] PHP Warning:  Uncaught ErrorException: require(vendor/autoload.php): failed to open stream: No such file or directory in /home/developmentwdroc/public_html/app/storage/framework/views/dc3406bb85cd88d7cdaa617971d393dc02c1be95.php:3
Stack trace:
#0 /home/developmentwdroc/public_html/app/storage/framework/views/dc3406bb85cd88d7cdaa617971d393dc02c1be95.php(3): Illuminate\Foundation\Bootstrap\HandleExceptions->handleError(2, 'require(vendor/...', '/home/developme...', 3, Array)
#1 /home/developmentwdroc/public_html/app/storage/framework/views/dc3406bb85cd88d7cdaa617971d393dc02c1be95.php(3): require()
#2 /home/developmentwdroc/public_html/app/vendor/laravel/framework/src/Illuminate/View/Engines/PhpEngine.php(43): include('/home/developme...')
#3 /home/developmentwdroc/public_html/app/vendor/laravel/framework/src/Illuminate/View/Engines/CompilerEngine.php(59): Illuminate\View\Engines\PhpEngine->evaluatePath('/home/developme...', Array)
#4 /home/developmentwdroc/public_html/app/vendor/laravel/framework/src/Illuminate/View/View.php in /home/developmentwdroc/public_html/app/storage/framework/views/dc3406bb85cd88d7cdaa617971d393dc02c1be95.php on line 3
[22-Aug-2019 10:45:24 UTC] PHP Fatal error:  Illuminate\View\Engines\PhpEngine::main(): Failed opening required 'vendor/autoload.php' (include_path='.:/opt/cpanel/ea-php71/root/usr/share/pear') in /home/developmentwdroc/public_html/app/storage/framework/views/dc3406bb85cd88d7cdaa617971d393dc02c1be95.php on line 3
[03-Sep-2019 10:51:23 UTC] PHP Fatal error:  Cannot use [] for reading in /home/developmentwdroc/public_html/app/storage/framework/views/36a46d4d33c44e8ca03b0126c6b15686eed0e2b4.php on line 39
[14-Sep-2019 08:42:00 UTC] PHP Parse error:  syntax error, unexpected '=' in /home/developmentwdroc/public_html/app/vendor/laravel/framework/src/Illuminate/Support/Arr.php on line 380
[07-Nov-2019 08:59:16 UTC] PHP Parse error:  syntax error, unexpected '?' in /home/developmentwdroc/public_html/app/vendor/laravel/framework/src/Illuminate/Foundation/helpers.php on line 500
[07-Nov-2019 08:59:21 UTC] PHP Parse error:  syntax error, unexpected '?' in /home/developmentwdroc/public_html/app/vendor/laravel/framework/src/Illuminate/Foundation/helpers.php on line 500
[07-Nov-2019 08:59:23 UTC] PHP Parse error:  syntax error, unexpected '?' in /home/developmentwdroc/public_html/app/vendor/laravel/framework/src/Illuminate/Foundation/helpers.php on line 500
[07-Nov-2019 09:10:31 UTC] PHP Parse error:  syntax error, unexpected '?' in /home/developmentwdroc/public_html/app/vendor/laravel/framework/src/Illuminate/Foundation/helpers.php on line 500
[07-Nov-2019 09:10:40 UTC] PHP Parse error:  syntax error, unexpected '?' in /home/developmentwdroc/public_html/app/vendor/laravel/framework/src/Illuminate/Foundation/helpers.php on line 500
